This is pdfTeX, Version 3.14159265-2.6-1.40.16 (TeX Live 2015/Debian) (preloaded format=pdflatex 2017.8.23)  26 SEP 2017 15:47
entering extended mode
 restricted \write18 enabled.
 %&-line parsing enabled.
**metz17.tex
(./metz17.tex
LaTeX2e <2016/02/01>
Babel <3.9q> and hyphenation patterns for 5 language(s) loaded.
(/usr/share/texlive/texmf-dist/tex/latex/koma-script/scrbook.cls
Document Class: scrbook 2015/10/03 v3.19a KOMA-Script document class (book)
(/usr/share/texlive/texmf-dist/tex/latex/koma-script/scrkbase.sty
Package: scrkbase 2015/10/03 v3.19a KOMA-Script package (KOMA-Script-dependent 
basics and keyval usage)

(/usr/share/texlive/texmf-dist/tex/latex/koma-script/scrbase.sty
Package: scrbase 2015/10/03 v3.19a KOMA-Script package (KOMA-Script-independent
 basics and keyval usage)

(/usr/share/texlive/texmf-dist/tex/latex/graphics/keyval.sty
Package: keyval 2014/10/28 v1.15 key=value parser (DPC)
\KV@toks@=\toks14
)
(/usr/share/texlive/texmf-dist/tex/latex/koma-script/scrlfile.sty
Package: scrlfile 2015/10/03 v3.19a KOMA-Script package (loading files)

Package scrlfile, 2015/10/03 v3.19a KOMA-Script package (loading files)
                  Copyright (C) Markus Kohm

))) (/usr/share/texlive/texmf-dist/tex/latex/koma-script/tocbasic.sty
Package: tocbasic 2015/10/03 v3.19a KOMA-Script package (handling toc-files)
)
Package tocbasic Info: omitting babel extension for `toc'
(tocbasic)             because of feature `nobabel' available
(tocbasic)             for `toc' on input line 125.
Package tocbasic Info: omitting babel extension for `lof'
(tocbasic)             because of feature `nobabel' available
(tocbasic)             for `lof' on input line 126.
Package tocbasic Info: omitting babel extension for `lot'
(tocbasic)             because of feature `nobabel' available
(tocbasic)             for `lot' on input line 127.
Package tocbasic Info: defining new hook before heading of `' on input line 158
4.
Class scrbook Info: File `scrsize11pt.clo' used instead of
(scrbook)           file `scrsize11.clo' to setup font sizes on input line 2251
.

(/usr/share/texlive/texmf-dist/tex/latex/koma-script/scrsize11pt.clo
File: scrsize11pt.clo 2015/10/03 v3.19a KOMA-Script font size class option (11p
t)
)
(/usr/share/texlive/texmf-dist/tex/latex/koma-script/typearea.sty
Package: typearea 2015/10/03 v3.19a KOMA-Script package (type area)

Package typearea, 2015/10/03 v3.19a KOMA-Script package (type area)
                  Copyright (C) Frank Neukam, 1992-1994
                  Copyright (C) Markus Kohm, 1994-

\ta@bcor=\skip41
\ta@div=\count79
\ta@hblk=\skip42
\ta@vblk=\skip43
\ta@temp=\skip44
\footheight=\skip45
Package typearea Info: These are the values describing the layout:
(typearea)             DIV  = 12
(typearea)             BCOR = 14.22636pt
(typearea)             \paperwidth      = 597.50793pt
(typearea)              \textwidth      = 437.46118pt
(typearea)              DIV departure   = -11%
(typearea)              \evensidemargin = 24.9436pt
(typearea)              \oddsidemargin  = -9.43683pt
(typearea)             \paperheight     = 845.04694pt
(typearea)              \textheight     = 636.60028pt
(typearea)              \topmargin      = -39.24942pt
(typearea)              \headheight     = 17.0pt
(typearea)              \headsep        = 20.40001pt
(typearea)              \topskip        = 11.0pt
(typearea)              \footskip       = 47.6pt
(typearea)              \baselineskip   = 13.6pt
(typearea)              on input line 1509.
)
\c@part=\count80
\c@chapter=\count81
\c@section=\count82
\c@subsection=\count83
\c@subsubsection=\count84
\c@paragraph=\count85
\c@subparagraph=\count86
LaTeX Info: Redefining \textsubscript on input line 4654.
\abovecaptionskip=\skip46
\belowcaptionskip=\skip47
\c@pti@nb@sid@b@x=\box26
\c@figure=\count87
\c@table=\count88
\bibindent=\dimen102
) (/usr/share/texlive/texmf-dist/tex/latex/psnfss/courier.sty
Package: courier 2005/04/12 PSNFSS-v9.2a (WaS) 
)
(/usr/share/texlive/texmf-dist/tex/latex/xcolor/xcolor.sty
Package: xcolor 2007/01/21 v2.11 LaTeX color extensions (UK)

(/usr/share/texlive/texmf-dist/tex/latex/latexconfig/color.cfg
File: color.cfg 2007/01/18 v1.5 color configuration of teTeX/TeXLive
)
Package xcolor Info: Driver file: pdftex.def on input line 225.

(/usr/share/texlive/texmf-dist/tex/latex/pdftex-def/pdftex.def
File: pdftex.def 2011/05/27 v0.06d Graphics/color for pdfTeX

(/usr/share/texlive/texmf-dist/tex/generic/oberdiek/infwarerr.sty
Package: infwarerr 2010/04/08 v1.3 Providing info/warning/error messages (HO)
)
(/usr/share/texlive/texmf-dist/tex/generic/oberdiek/ltxcmds.sty
Package: ltxcmds 2011/11/09 v1.22 LaTeX kernel commands for general use (HO)
)
\Gread@gobject=\count89
)
Package xcolor Info: Model `cmy' substituted by `cmy0' on input line 1337.
Package xcolor Info: Model `hsb' substituted by `rgb' on input line 1341.
Package xcolor Info: Model `RGB' extended on input line 1353.
Package xcolor Info: Model `HTML' substituted by `rgb' on input line 1355.
Package xcolor Info: Model `Hsb' substituted by `hsb' on input line 1356.
Package xcolor Info: Model `tHsb' substituted by `hsb' on input line 1357.
Package xcolor Info: Model `HSB' substituted by `hsb' on input line 1358.
Package xcolor Info: Model `Gray' substituted by `gray' on input line 1359.
Package xcolor Info: Model `wave' substituted by `hsb' on input line 1360.

(/usr/share/texlive/texmf-dist/tex/latex/graphics/dvipsnam.def
File: dvipsnam.def 2015/12/30 v3.0k Driver-dependent file (DPC,SPQR)
))
(/usr/share/texlive/texmf-dist/tex/latex/was/gensymb.sty
Package: gensymb 2003/07/02 v1.0 (WaS)
)
(/usr/share/texlive/texmf-dist/tex/latex/enumitem/enumitem.sty
Package: enumitem 2011/09/28 v3.5.2 Customized lists
\labelindent=\skip48
\enit@outerparindent=\dimen103
\enit@toks=\toks15
\enit@inbox=\box27
\enitdp@description=\count90
)
(/usr/share/texlive/texmf-dist/tex/latex/base/inputenc.sty
Package: inputenc 2015/03/17 v1.2c Input encoding file
\inpenc@prehook=\toks16
\inpenc@posthook=\toks17

(/usr/share/texlive/texmf-dist/tex/latex/base/latin1.def
File: latin1.def 2015/03/17 v1.2c Input encoding file
))
(/usr/share/texlive/texmf-dist/tex/latex/listings/listings.sty
\lst@mode=\count91
\lst@gtempboxa=\box28
\lst@token=\toks18
\lst@length=\count92
\lst@currlwidth=\dimen104
\lst@column=\count93
\lst@pos=\count94
\lst@lostspace=\dimen105
\lst@width=\dimen106
\lst@newlines=\count95
\lst@lineno=\count96
\lst@maxwidth=\dimen107

(/usr/share/texlive/texmf-dist/tex/latex/listings/lstmisc.sty
File: lstmisc.sty 2015/06/04 1.6 (Carsten Heinz)
\c@lstnumber=\count97
\lst@skipnumbers=\count98
\lst@framebox=\box29
)
(/usr/share/texlive/texmf-dist/tex/latex/listings/listings.cfg
File: listings.cfg 2015/06/04 1.6 listings configuration
))
Package: listings 2015/06/04 1.6 (Carsten Heinz)

(/usr/share/texlive/texmf-dist/tex/latex/pdfpages/pdfpages.sty
Package: pdfpages 2015/09/18 v0.5d Insert pages of external PDF documents (AM)

(/usr/share/texlive/texmf-dist/tex/latex/base/ifthen.sty
Package: ifthen 2014/09/29 v1.1c Standard LaTeX ifthen package (DPC)
)
(/usr/share/texlive/texmf-dist/tex/latex/tools/calc.sty
Package: calc 2014/10/28 v4.3 Infix arithmetic (KKT,FJ)
\calc@Acount=\count99
\calc@Bcount=\count100
\calc@Adimen=\dimen108
\calc@Bdimen=\dimen109
\calc@Askip=\skip49
\calc@Bskip=\skip50
LaTeX Info: Redefining \setlength on input line 80.
LaTeX Info: Redefining \addtolength on input line 81.
\calc@Ccount=\count101
\calc@Cskip=\skip51
)
(/usr/share/texlive/texmf-dist/tex/latex/eso-pic/eso-pic.sty
Package: eso-pic 2015/07/21 v2.0g eso-pic (RN)

(/usr/share/texlive/texmf-dist/tex/generic/oberdiek/atbegshi.sty
Package: atbegshi 2011/10/05 v1.16 At begin shipout hook (HO)

(/usr/share/texlive/texmf-dist/tex/generic/oberdiek/ifpdf.sty
Package: ifpdf 2011/01/30 v2.3 Provides the ifpdf switch (HO)
Package ifpdf Info: pdfTeX in PDF mode is detected.
)))
(/usr/share/texlive/texmf-dist/tex/latex/graphics/graphicx.sty
Package: graphicx 2014/10/28 v1.0g Enhanced LaTeX Graphics (DPC,SPQR)

(/usr/share/texlive/texmf-dist/tex/latex/graphics/graphics.sty
Package: graphics 2016/01/03 v1.0q Standard LaTeX Graphics (DPC,SPQR)

(/usr/share/texlive/texmf-dist/tex/latex/graphics/trig.sty
Package: trig 2016/01/03 v1.10 sin cos tan (DPC)
)
(/usr/share/texlive/texmf-dist/tex/latex/latexconfig/graphics.cfg
File: graphics.cfg 2010/04/23 v1.9 graphics configuration of TeX Live
)
Package graphics Info: Driver file: pdftex.def on input line 95.
)
\Gin@req@height=\dimen110
\Gin@req@width=\dimen111
)
\AM@pagewidth=\dimen112
\AM@pageheight=\dimen113

(/usr/share/texlive/texmf-dist/tex/latex/pdfpages/pppdftex.def
File: pppdftex.def 2015/09/18 v0.5d Pdfpages driver for pdfTeX (AM)
)
\AM@pagebox=\box30
\AM@toc@title=\toks19
\c@AM@survey=\count102
\AM@templatesizebox=\box31
)
(/usr/share/texlive/texmf-dist/tex/latex/oberdiek/attachfile2.sty
Package: attachfile2 2012/04/18 v2.7 Attach files into PDF (HO)

(/usr/share/texlive/texmf-dist/tex/generic/ifxetex/ifxetex.sty
Package: ifxetex 2010/09/12 v0.6 Provides ifxetex conditional
)
(/usr/share/texlive/texmf-dist/tex/generic/oberdiek/ifluatex.sty
Package: ifluatex 2010/03/01 v1.3 Provides the ifluatex switch (HO)
Package ifluatex Info: LuaTeX not detected.
)
(/usr/share/texlive/texmf-dist/tex/latex/oberdiek/kvoptions.sty
Package: kvoptions 2011/06/30 v3.11 Key value format for package options (HO)

(/usr/share/texlive/texmf-dist/tex/generic/oberdiek/kvsetkeys.sty
Package: kvsetkeys 2012/04/25 v1.16 Key value parser (HO)

(/usr/share/texlive/texmf-dist/tex/generic/oberdiek/etexcmds.sty
Package: etexcmds 2011/02/16 v1.5 Avoid name clashes with e-TeX commands (HO)
Package etexcmds Info: Could not find \expanded.
(etexcmds)             That can mean that you are not using pdfTeX 1.50 or
(etexcmds)             that some package has redefined \expanded.
(etexcmds)             In the latter case, load this package earlier.
)))
(/usr/share/texlive/texmf-dist/tex/generic/oberdiek/pdftexcmds.sty
Package: pdftexcmds 2011/11/29 v0.20 Utility functions of pdfTeX for LuaTeX (HO
)
Package pdftexcmds Info: LuaTeX not detected.
Package pdftexcmds Info: \pdf@primitive is available.
Package pdftexcmds Info: \pdf@ifprimitive is available.
Package pdftexcmds Info: \pdfdraftmode found.
)
(/usr/share/texlive/texmf-dist/tex/generic/oberdiek/pdfescape.sty
Package: pdfescape 2011/11/25 v1.13 Implements pdfTeX's escape features (HO)
)
(/usr/share/texlive/texmf-dist/tex/latex/hyperref/hyperref.sty
Package: hyperref 2012/11/06 v6.83m Hypertext links for LaTeX

(/usr/share/texlive/texmf-dist/tex/generic/oberdiek/hobsub-hyperref.sty
Package: hobsub-hyperref 2012/05/28 v1.13 Bundle oberdiek, subset hyperref (HO)


(/usr/share/texlive/texmf-dist/tex/generic/oberdiek/hobsub-generic.sty
Package: hobsub-generic 2012/05/28 v1.13 Bundle oberdiek, subset generic (HO)
Package: hobsub 2012/05/28 v1.13 Construct package bundles (HO)
Package hobsub Info: Skipping package `infwarerr' (already loaded).
Package hobsub Info: Skipping package `ltxcmds' (already loaded).
Package hobsub Info: Skipping package `ifluatex' (already loaded).
Package: ifvtex 2010/03/01 v1.5 Detect VTeX and its facilities (HO)
Package ifvtex Info: VTeX not detected.
Package: intcalc 2007/09/27 v1.1 Expandable calculations with integers (HO)
Package hobsub Info: Skipping package `ifpdf' (already loaded).
Package hobsub Info: Skipping package `etexcmds' (already loaded).
Package hobsub Info: Skipping package `kvsetkeys' (already loaded).
Package: kvdefinekeys 2011/04/07 v1.3 Define keys (HO)
Package hobsub Info: Skipping package `pdftexcmds' (already loaded).
Package hobsub Info: Skipping package `pdfescape' (already loaded).
Package: bigintcalc 2012/04/08 v1.3 Expandable calculations on big integers (HO
)
Package: bitset 2011/01/30 v1.1 Handle bit-vector datatype (HO)
Package: uniquecounter 2011/01/30 v1.2 Provide unlimited unique counter (HO)
)
Package hobsub Info: Skipping package `hobsub' (already loaded).
Package: letltxmacro 2010/09/02 v1.4 Let assignment for LaTeX macros (HO)
Package: hopatch 2012/05/28 v1.2 Wrapper for package hooks (HO)
Package: xcolor-patch 2011/01/30 xcolor patch
Package: atveryend 2011/06/30 v1.8 Hooks at the very end of document (HO)
Package atveryend Info: \enddocument detected (standard20110627).
Package hobsub Info: Skipping package `atbegshi' (already loaded).
Package: refcount 2011/10/16 v3.4 Data extraction from label references (HO)
Package: hycolor 2011/01/30 v1.7 Color options for hyperref/bookmark (HO)
)
(/usr/share/texlive/texmf-dist/tex/latex/oberdiek/auxhook.sty
Package: auxhook 2011/03/04 v1.3 Hooks for auxiliary files (HO)
)
\@linkdim=\dimen114
\Hy@linkcounter=\count103
\Hy@pagecounter=\count104

(/usr/share/texlive/texmf-dist/tex/latex/hyperref/pd1enc.def
File: pd1enc.def 2012/11/06 v6.83m Hyperref: PDFDocEncoding definition (HO)
)
\Hy@SavedSpaceFactor=\count105

(/usr/share/texlive/texmf-dist/tex/latex/latexconfig/hyperref.cfg
File: hyperref.cfg 2002/06/06 v1.2 hyperref configuration of TeXLive
)
Package hyperref Info: Hyper figures OFF on input line 4443.
Package hyperref Info: Link nesting OFF on input line 4448.
Package hyperref Info: Hyper index ON on input line 4451.
Package hyperref Info: Plain pages OFF on input line 4458.
Package hyperref Info: Backreferencing OFF on input line 4463.
Package hyperref Info: Implicit mode ON; LaTeX internals redefined.
Package hyperref Info: Bookmarks ON on input line 4688.
\c@Hy@tempcnt=\count106

(/usr/share/texlive/texmf-dist/tex/latex/url/url.sty
\Urlmuskip=\muskip10
Package: url 2013/09/16  ver 3.4  Verb mode for urls, etc.
)
LaTeX Info: Redefining \url on input line 5041.
\XeTeXLinkMargin=\dimen115
\Fld@menulength=\count107
\Field@Width=\dimen116
\Fld@charsize=\dimen117
Package hyperref Info: Hyper figures OFF on input line 6295.
Package hyperref Info: Link nesting OFF on input line 6300.
Package hyperref Info: Hyper index ON on input line 6303.
Package hyperref Info: backreferencing OFF on input line 6310.
Package hyperref Info: Link coloring OFF on input line 6315.
Package hyperref Info: Link coloring with OCG OFF on input line 6320.
Package hyperref Info: PDF/A mode OFF on input line 6325.
LaTeX Info: Redefining \ref on input line 6365.
LaTeX Info: Redefining \pageref on input line 6369.
\Hy@abspage=\count108
\c@Item=\count109
\c@Hfootnote=\count110
)

Package hyperref Message: Driver (autodetected): hpdftex.

(/usr/share/texlive/texmf-dist/tex/latex/hyperref/hpdftex.def
File: hpdftex.def 2012/11/06 v6.83m Hyperref driver for pdfTeX
\Fld@listcount=\count111
\c@bookmark@seq@number=\count112

(/usr/share/texlive/texmf-dist/tex/latex/oberdiek/rerunfilecheck.sty
Package: rerunfilecheck 2011/04/15 v1.7 Rerun checks for auxiliary files (HO)
Package uniquecounter Info: New unique counter `rerunfilecheck' on input line 2
82.
)
\Hy@SectionHShift=\skip52
)
(/usr/share/texlive/texmf-dist/tex/latex/oberdiek/atfi-pdftex.def
File: atfi-pdftex.def 2012/04/18 v2.7 attachfile2 driver for pdfTeX (HO)
)
(build/metz17.atfi)
\atfi@stream=\write3
\openout3 = `metz17.atfi'.

\atfi@appearancewidth=\skip53
\atfi@appearanceheight=\skip54
\atfi@appearancedepth=\skip55
\atfi@appearancebox=\box32
\c@atfi@flags=\count113
)
(/usr/share/texlive/texmf-dist/tex/latex/listings/lstlang1.sty
File: lstlang1.sty 2015/06/04 1.6 listings language file
)
(/usr/share/texlive/texmf-dist/tex/latex/listings/lstlang1.sty
File: lstlang1.sty 2015/06/04 1.6 listings language file
)
(/usr/share/texlive/texmf-dist/tex/latex/listings/lstmisc.sty
File: lstmisc.sty 2015/06/04 1.6 (Carsten Heinz)
)
(/usr/share/texlive/texmf-dist/tex/latex/mathtools/mathtools.sty
Package: mathtools 2015/11/12 v1.18 mathematical typesetting tools

(/usr/share/texlive/texmf-dist/tex/latex/mathtools/mhsetup.sty
Package: mhsetup 2010/01/21 v1.2a programming setup (MH)
)
(/usr/share/texlive/texmf-dist/tex/latex/amsmath/amsmath.sty
Package: amsmath 2016/03/03 v2.15a AMS math features
\@mathmargin=\skip56

For additional information on amsmath, use the `?' option.
(/usr/share/texlive/texmf-dist/tex/latex/amsmath/amstext.sty
Package: amstext 2000/06/29 v2.01 AMS text

(/usr/share/texlive/texmf-dist/tex/latex/amsmath/amsgen.sty
File: amsgen.sty 1999/11/30 v2.0 generic functions
\@emptytoks=\toks20
\ex@=\dimen118
))
(/usr/share/texlive/texmf-dist/tex/latex/amsmath/amsbsy.sty
Package: amsbsy 1999/11/29 v1.2d Bold Symbols
\pmbraise@=\dimen119
)
(/usr/share/texlive/texmf-dist/tex/latex/amsmath/amsopn.sty
Package: amsopn 1999/12/14 v2.01 operator names
)
\inf@bad=\count114
LaTeX Info: Redefining \frac on input line 199.
\uproot@=\count115
\leftroot@=\count116
LaTeX Info: Redefining \overline on input line 297.
\classnum@=\count117
\DOTSCASE@=\count118
LaTeX Info: Redefining \ldots on input line 394.
LaTeX Info: Redefining \dots on input line 397.
LaTeX Info: Redefining \cdots on input line 518.
\Mathstrutbox@=\box33
\strutbox@=\box34
\big@size=\dimen120
LaTeX Font Info:    Redeclaring font encoding OML on input line 630.
LaTeX Font Info:    Redeclaring font encoding OMS on input line 631.
\macc@depth=\count119
\c@MaxMatrixCols=\count120
\dotsspace@=\muskip11
\c@parentequation=\count121
\dspbrk@lvl=\count122
\tag@help=\toks21
\row@=\count123
\column@=\count124
\maxfields@=\count125
\andhelp@=\toks22
\eqnshift@=\dimen121
\alignsep@=\dimen122
\tagshift@=\dimen123
\tagwidth@=\dimen124
\totwidth@=\dimen125
\lineht@=\dimen126
\@envbody=\toks23
\multlinegap=\skip57
\multlinetaggap=\skip58
\mathdisplay@stack=\toks24
LaTeX Info: Redefining \[ on input line 2735.
LaTeX Info: Redefining \] on input line 2736.
)
LaTeX Info: Thecontrolsequence`\('isalreadyrobust on input line 129.
LaTeX Info: Thecontrolsequence`\)'isalreadyrobust on input line 129.
LaTeX Info: Thecontrolsequence`\['isalreadyrobust on input line 129.
LaTeX Info: Thecontrolsequence`\]'isalreadyrobust on input line 129.
\g_MT_multlinerow_int=\count126
\l_MT_multwidth_dim=\dimen127
\origjot=\skip59
\l_MT_shortvdotswithinadjustabove_dim=\dimen128
\l_MT_shortvdotswithinadjustbelow_dim=\dimen129
\l_MT_above_intertext_sep=\dimen130
\l_MT_below_intertext_sep=\dimen131
\l_MT_above_shortintertext_sep=\dimen132
\l_MT_below_shortintertext_sep=\dimen133
)
(/usr/share/texlive/texmf-dist/tex/latex/jknapltx/mathrsfs.sty
Package: mathrsfs 1996/01/01 Math RSFS package v1.0 (jk)
\symrsfs=\mathgroup4
)
(/usr/share/texlive/texmf-dist/tex/latex/cite/cite.sty
LaTeX Info: Redefining \cite on input line 302.
LaTeX Info: Redefining \nocite on input line 332.
Package: cite 2015/02/27  v 5.5
)
(/usr/share/texlive/texmf-dist/tex/latex/placeins/placeins.sty
Package: placeins 2005/04/18  v 2.2
)
(./hyphenation.tex) (build/metz17.aux

LaTeX Warning: Label `sec:setDimensions' multiply defined.


LaTeX Warning: Label `sec:measure_of_difference' multiply defined.


LaTeX Warning: Label `sec:mesh_saliency_with_mechanical_objects' multiply defin
ed.

)
\openout1 = `metz17.aux'.

LaTeX Font Info:    Checking defaults for OML/cmm/m/it on input line 77.
LaTeX Font Info:    ... okay on input line 77.
LaTeX Font Info:    Checking defaults for T1/cmr/m/n on input line 77.
LaTeX Font Info:    ... okay on input line 77.
LaTeX Font Info:    Checking defaults for OT1/cmr/m/n on input line 77.
LaTeX Font Info:    ... okay on input line 77.
LaTeX Font Info:    Checking defaults for OMS/cmsy/m/n on input line 77.
LaTeX Font Info:    ... okay on input line 77.
LaTeX Font Info:    Checking defaults for OMX/cmex/m/n on input line 77.
LaTeX Font Info:    ... okay on input line 77.
LaTeX Font Info:    Checking defaults for U/cmr/m/n on input line 77.
LaTeX Font Info:    ... okay on input line 77.
LaTeX Font Info:    Checking defaults for PD1/pdf/m/n on input line 77.
LaTeX Font Info:    ... okay on input line 77.
 (/usr/share/texlive/texmf-dist/tex/context/base/supp-pdf.mkii
[Loading MPS to PDF converter (version 2006.09.02).]
\scratchcounter=\count127
\scratchdimen=\dimen134
\scratchbox=\box35
\nofMPsegments=\count128
\nofMParguments=\count129
\everyMPshowfont=\toks25
\MPscratchCnt=\count130
\MPscratchDim=\dimen135
\MPnumerator=\count131
\makeMPintoPDFobject=\count132
\everyMPtoPDFconversion=\toks26
)
LaTeX Info: Redefining \celsius on input line 77.
Package gensymb Info: Faking symbols for \degree and \celsius on input line 77.



Package gensymb Warning: Not defining \perthousand.

LaTeX Info: Redefining \ohm on input line 77.
Package gensymb Info: Using \Omega for \ohm on input line 77.

Package gensymb Warning: Not defining \micro.

\c@lstlisting=\count133
\AtBeginShipoutBox=\box36
(/usr/share/texlive/texmf-dist/tex/latex/oberdiek/epstopdf-base.sty
Package: epstopdf-base 2010/02/09 v2.5 Base part for package epstopdf

(/usr/share/texlive/texmf-dist/tex/latex/oberdiek/grfext.sty
Package: grfext 2010/08/19 v1.1 Manage graphics extensions (HO)
)
Package grfext Info: Graphics extension search list:
(grfext)             [.png,.pdf,.jpg,.mps,.jpeg,.jbig2,.jb2,.PNG,.PDF,.JPG,.JPE
G,.JBIG2,.JB2,.eps]
(grfext)             \AppendGraphicsExtensions on input line 452.

(/usr/share/texlive/texmf-dist/tex/latex/latexconfig/epstopdf-sys.cfg
File: epstopdf-sys.cfg 2010/07/13 v1.3 Configuration of (r)epstopdf for TeX Liv
e
))
(/usr/share/texlive/texmf-dist/tex/latex/oberdiek/pdflscape.sty
Package: pdflscape 2008/08/11 v0.10 Display of landscape pages in PDF (HO)

(/usr/share/texlive/texmf-dist/tex/latex/graphics/lscape.sty
Package: lscape 2000/10/22 v3.01 Landscape Pages (DPC)
)
Package pdflscape Info: Auto-detected driver: pdftex on input line 80.
)
Package hyperref Info: Link coloring OFF on input line 77.

(/usr/share/texlive/texmf-dist/tex/latex/hyperref/nameref.sty
Package: nameref 2012/10/27 v2.43 Cross-referencing by name of section

(/usr/share/texlive/texmf-dist/tex/generic/oberdiek/gettitlestring.sty
Package: gettitlestring 2010/12/03 v1.4 Cleanup title references (HO)
)
\c@section@level=\count134
)
LaTeX Info: Redefining \ref on input line 77.
LaTeX Info: Redefining \pageref on input line 77.
LaTeX Info: Redefining \nameref on input line 77.

(build/metz17.out) (build/metz17.out)
\@outlinefile=\write4
\openout4 = `metz17.out'.

 (./Titel/titel-lmu.tex
<./Bilder/lmu_siegel.pdf, id=293, 201.75375pt x 201.75375pt>
File: ./Bilder/lmu_siegel.pdf Graphic file (type pdf)

<use ./Bilder/lmu_siegel.pdf>
Package pdftex.def Info: ./Bilder/lmu_siegel.pdf used on input line 15.
(pdftex.def)             Requested size: 131.23969pt x 131.23996pt.
LaTeX Font Info:    Try loading font information for U+rsfs on input line 42.

(/usr/share/texlive/texmf-dist/tex/latex/jknapltx/ursfs.fd
File: ursfs.fd 1998/03/24 rsfs font definition file (jk)
)) [1



{/var/lib/texmf/fonts/map/pdftex/updmap/pdftex.map} <./Bilder/lmu_siegel.pdf>] 
[2


]
(./Titel/erklaerung-lmu.tex) [3] [4


] (./abstract.tex [5]) [6


] (build/metz17.toc
LaTeX Font Info:    Try loading font information for OT1+pcr on input line 28.
(/usr/share/texlive/texmf-dist/tex/latex/psnfss/ot1pcr.fd
File: ot1pcr.fd 2001/06/04 font definitions for OT1/pcr.
) [7])
\tf@toc=\write5
\openout5 = `metz17.toc'.

 [8]
(./01-introduction.tex
chapter 1.

Class scrbook Warning: \float@addtolists detected!
(scrbook)              Implementation of \float@addtolist became
(scrbook)              deprecated in KOMA-Script v3.01 2008/11/14 and
(scrbook)              has been replaced by several more flexible
(scrbook)              features of package `tocbasic`.
(scrbook)              Since Version 3.12 support for deprecated
(scrbook)              \float@addtolist interface has been
(scrbook)              restricted to only some of the KOMA-Script
(scrbook)              features and been removed from others.
(scrbook)              Loading of package `scrhack' may help to
(scrbook)              avoid this warning, if you are using a
(scrbook)              a package that still implements the
(scrbook)              deprecated \float@addtolist interface .

[1




] <./Bilder/selection_cave.png, id=464, 1027.84pt x 1027.84pt>
File: ./Bilder/selection_cave.png Graphic file (type png)

<use ./Bilder/selection_cave.png>
Package pdftex.def Info: ./Bilder/selection_cave.png used on input line 20.
(pdftex.def)             Requested size: 349.97028pt x 349.97853pt.

Underfull \hbox (badness 1264) in paragraph at lines 21--21
[][]\OT1/cmr/m/n/10.95 Schematic de-pic-tion of how the \OT1/cmr/m/it/10.95 se-
lec-tion ap-pli-ca-tion \OT1/cmr/m/n/10.95 works from a user
 []

) (./02-related_work.tex [2] [3 <./Bilder/selection_cave.png>] [4


]
chapter 2.
<./Bilder/arma.png, id=491, 813.0375pt x 482.80376pt>
File: ./Bilder/arma.png Graphic file (type png)
 <use ./Bilder/arma.png>
Package pdftex.def Info: ./Bilder/arma.png used on input line 13.
(pdftex.def)             Requested size: 437.46118pt x 259.77454pt.

[5] [6 <./Bilder/arma.png>] [7] [8]) (./03-concept.tex [9] [10]
chapter 3.
<./Bilder/obj_content.png, id=574, 440.64626pt x 343.2825pt>
File: ./Bilder/obj_content.png Graphic file (type png)

<use ./Bilder/obj_content.png>
Package pdftex.def Info: ./Bilder/obj_content.png used on input line 28.
(pdftex.def)             Requested size: 262.47937pt x 204.48871pt.
 [11


]
<./Bilder/ocTree_appleb.png, id=589, 1316.92pt x 791.95876pt>
File: ./Bilder/ocTree_appleb.png Graphic file (type png)

<use ./Bilder/ocTree_appleb.png>
Package pdftex.def Info: ./Bilder/ocTree_appleb.png used on input line 40.
(pdftex.def)             Requested size: 393.71239pt x 236.76773pt.
 [12 <./Bilder/obj_content.png>] [13 <./Bilder/ocTree_appleb.png>] [14]
LaTeX Font Info:    Try loading font information for OMS+cmr on input line 72.

(/usr/share/texlive/texmf-dist/tex/latex/base/omscmr.fd
File: omscmr.fd 2014/09/29 v2.5h Standard LaTeX font definitions
)
LaTeX Font Info:    Font shape `OMS/cmr/m/n' in size <10.95> not available
(Font)              Font shape `OMS/cmsy/m/n' tried instead on input line 72.
 [15] [16]

LaTeX Warning: No positions in optional float specifier.
               Default added (so using `tbp') on input line 115.

[17] <./Bilder/mss_gorilla_alpha.png, id=644, 611.28375pt x 329.23pt>
File: ./Bilder/mss_gorilla_alpha.png Graphic file (type png)

<use ./Bilder/mss_gorilla_alpha.png>
Package pdftex.def Info: ./Bilder/mss_gorilla_alpha.png used on input line 163.

(pdftex.def)             Requested size: 437.46118pt x 235.60864pt.
 [18 <./Bilder/mss_gorilla_alpha.png>]
<./Bilder/weighting_function.png, id=657, 884.30376pt x 883.3pt>
File: ./Bilder/weighting_function.png Graphic file (type png)

<use ./Bilder/weighting_function.png>
Package pdftex.def Info: ./Bilder/weighting_function.png used on input line 184
.
(pdftex.def)             Requested size: 306.22148pt x 305.87099pt.
 [19 <./Bilder/weighting_function.png>]
[20]) (./04-selection_application.tex [21] [22


]
chapter 4.
[23] [24] [25]

LaTeX Warning: No positions in optional float specifier.
               Default added (so using `tbp') on input line 91.


Overfull \hbox (11.74294pt too wide) in paragraph at lines 92--103
[][] 
 []

LaTeX Font Info:    Font shape `OT1/pcr/bx/n' in size <10.95> not available
(Font)              Font shape `OT1/pcr/b/n' tried instead on input line 109.
[26]
Overfull \hbox (10.95003pt too wide) in paragraph at lines 121--126
[]$[]$ 
 []


Overfull \hbox (10.95003pt too wide) in paragraph at lines 144--166
[]$[]$ 
 []

[27] [28]
Overfull \hbox (10.95003pt too wide) in paragraph at lines 203--236
[]$[]$ 
 []


LaTeX Warning: No positions in optional float specifier.
               Default added (so using `tbp') on input line 237.

[29]
Overfull \hbox (10.95003pt too wide) in paragraph at lines 251--280
[]$[]$ 
 []

[30] <./Bilder/child_node_000_101.png, id=847, 1027.84pt x 513.92pt>
File: ./Bilder/child_node_000_101.png Graphic file (type png)

<use ./Bilder/child_node_000_101.png>
Package pdftex.def Info: ./Bilder/child_node_000_101.png used on input line 297
.
(pdftex.def)             Requested size: 349.97028pt x 174.98926pt.

Overfull \hbox (4.19463pt too wide) in paragraph at lines 305--306
\OT1/pcr/m/n/10.95 std::vector<std::pair<size[]t, glm::vec3>>\OT1/cmr/m/n/10.95
 , with the \OT1/pcr/m/n/10.95 size[]t \OT1/cmr/m/n/10.95 parts of the \OT1/pcr
/m/n/10.95 pairs
 []

[31 <./Bilder/child_node_000_101.png>]
Overfull \hbox (10.95003pt too wide) in paragraph at lines 309--334
[]$[]$ 
 []

<./Bilder/ocTree_levels.png, id=854, 1007.765pt x 727.71875pt>
File: ./Bilder/ocTree_levels.png Graphic file (type png)

<use ./Bilder/ocTree_levels.png>
Package pdftex.def Info: ./Bilder/ocTree_levels.png used on input line 343.
(pdftex.def)             Requested size: 415.58678pt x 300.09885pt.
 [32] [33 <./Bilder/ocTree_levels.png>]
<./Bilder/a01_without_neighbors.png, id=889, 2668.97125pt x 827.09pt>
File: ./Bilder/a01_without_neighbors.png Graphic file (type png)

<use ./Bilder/a01_without_neighbors.png>
Package pdftex.def Info: ./Bilder/a01_without_neighbors.png used on input line 
377.
(pdftex.def)             Requested size: 437.46118pt x 135.55528pt.
 [34]
Overfull \hbox (10.95003pt too wide) in paragraph at lines 385--432
[]$[]$ 
 []

[35 <./Bilder/a01_without_neighbors.png>] [36]
Overfull \hbox (10.95003pt too wide) in paragraph at lines 454--498
[]$[]$ 
 []

[37] [38] <./Bilder/selection.png, id=1013, 652.4375pt x 213.79875pt>
File: ./Bilder/selection.png Graphic file (type png)

<use ./Bilder/selection.png>
Package pdftex.def Info: ./Bilder/selection.png used on input line 519.
(pdftex.def)             Requested size: 393.71239pt x 129.02077pt.
 [39 <./Bilder/selection.png>]

LaTeX Warning: No positions in optional float specifier.
               Default added (so using `tbp') on input line 538.

[40] <./Bilder/edge_case.png, id=1041, 809.0225pt x 809.0225pt>
File: ./Bilder/edge_case.png Graphic file (type png)

<use ./Bilder/edge_case.png>
Package pdftex.def Info: ./Bilder/edge_case.png used on input line 570.
(pdftex.def)             Requested size: 218.73059pt x 218.72292pt.
 [41 <./Bilder/edge_case.png>]
<./Bilder/test_file.png, id=1051, 1016.29688pt x 745.28438pt>
File: ./Bilder/test_file.png Graphic file (type png)

<use ./Bilder/test_file.png>
Package pdftex.def Info: ./Bilder/test_file.png used on input line 578.
(pdftex.def)             Requested size: 328.09589pt x 240.59972pt.
 [42 <./Bilder/test_file.png>] [43])
(./05-user_study.tex [44]
chapter 5.
<./Bilder/concept_hardware.png, id=1074, 3007.235pt x 933.4875pt>
File: ./Bilder/concept_hardware.png Graphic file (type png)

<use ./Bilder/concept_hardware.png>
Package pdftex.def Info: ./Bilder/concept_hardware.png used on input line 25.
(pdftex.def)             Requested size: 415.58678pt x 128.99234pt.
File: ./Bilder/selection_cave.png Graphic file (type png)
 <use ./Bilder/selection_cave.png>
Package pdftex.def Info: ./Bilder/selection_cave.png used on input line 32.
(pdftex.def)             Requested size: 349.97028pt x 349.97853pt.
 [45


]
<./Bilder/real_selection_row.png, id=1082, 670.505pt x 1642.135pt>
File: ./Bilder/real_selection_row.png Graphic file (type png)

<use ./Bilder/real_selection_row.png>
Package pdftex.def Info: ./Bilder/real_selection_row.png used on input line 40.

(pdftex.def)             Requested size: 262.47937pt x 642.83554pt.


LaTeX Warning: Float too large for page by 33.9153pt on input line 42.

[46 <./Bilder/concept_hardware.png>] [47] [48 <./Bilder/real_selection_row.png>
] <./Bilder/userstudy_all_objects.png, id=1100, 1353.055pt x 431.6125pt>
File: ./Bilder/userstudy_all_objects.png Graphic file (type png)

<use ./Bilder/userstudy_all_objects.png>
Package pdftex.def Info: ./Bilder/userstudy_all_objects.png used on input line 
54.
(pdftex.def)             Requested size: 437.46118pt x 139.54794pt.


LaTeX Warning: No positions in optional float specifier.
               Default added (so using `tbp') on input line 62.

[49

 <./Bilder/userstudy_all_objects.png>] [50] [51]) (./06-results.tex [52]
chapter 6.
<./Bilder/results_agegroups.png, id=1140, 606.265pt x 558.085pt>
File: ./Bilder/results_agegroups.png Graphic file (type png)

<use ./Bilder/results_agegroups.png>
Package pdftex.def Info: ./Bilder/results_agegroups.png used on input line 11.
(pdftex.def)             Requested size: 328.09589pt x 302.02563pt.

<./Bilder/results_working_situation.png, id=1141, 710.655pt x 582.175pt>
File: ./Bilder/results_working_situation.png Graphic file (type png)

<use ./Bilder/results_working_situation.png>
Package pdftex.def Info: ./Bilder/results_working_situation.png used on input l
ine 18.
(pdftex.def)             Requested size: 328.09589pt x 268.7898pt.


LaTeX Warning: `h' float specifier changed to `ht'.

[53


 <./Bilder/results_agegroups.png>]
<./Bilder/feedback_v2.png, id=1153, 1002.74625pt x 742.775pt>
File: ./Bilder/feedback_v2.png Graphic file (type png)

<use ./Bilder/feedback_v2.png>
Package pdftex.def Info: ./Bilder/feedback_v2.png used on input line 32.
(pdftex.def)             Requested size: 415.58678pt x 307.8492pt.


LaTeX Warning: `h' float specifier changed to `ht'.

[54 <./Bilder/results_working_situation.png>] [55 <./Bilder/feedback_v2.png (PN
G copy)>]
<./Bilder/result_maps/scale_values.png, id=1173, 430.60875pt x 55.20625pt>
File: ./Bilder/result_maps/scale_values.png Graphic file (type png)

<use ./Bilder/result_maps/scale_values.png>
Package pdftex.def Info: ./Bilder/result_maps/scale_values.png used on input li
ne 65.
(pdftex.def)             Requested size: 306.22148pt x 39.25987pt.

<./Bilder/result_maps/bunny/bunny_front_A.png, id=1174, 710.655pt x 453.695pt>
File: ./Bilder/result_maps/bunny/bunny_front_A.png Graphic file (type png)

<use ./Bilder/result_maps/bunny/bunny_front_A.png>
Package pdftex.def Info: ./Bilder/result_maps/bunny/bunny_front_A.png used on i
nput line 78.
(pdftex.def)             Requested size: 306.22148pt x 195.50041pt.

<./Bilder/result_maps/bunny/bunny_front_B.png, id=1175, 710.655pt x 453.695pt>
File: ./Bilder/result_maps/bunny/bunny_front_B.png Graphic file (type png)

<use ./Bilder/result_maps/bunny/bunny_front_B.png>
Package pdftex.def Info: ./Bilder/result_maps/bunny/bunny_front_B.png used on i
nput line 84.
(pdftex.def)             Requested size: 306.22148pt x 195.50041pt.

<./Bilder/result_maps/bunny/bunny_side_A.png, id=1176, 923.45pt x 450.68375pt>
File: ./Bilder/result_maps/bunny/bunny_side_A.png Graphic file (type png)

<use ./Bilder/result_maps/bunny/bunny_side_A.png>
Package pdftex.def Info: ./Bilder/result_maps/bunny/bunny_side_A.png used on in
put line 91.
(pdftex.def)             Requested size: 371.84467pt x 181.47374pt.

<./Bilder/result_maps/bunny/bunny_side_B.png, id=1177, 923.45pt x 450.68375pt>
File: ./Bilder/result_maps/bunny/bunny_side_B.png Graphic file (type png)

<use ./Bilder/result_maps/bunny/bunny_side_B.png>
Package pdftex.def Info: ./Bilder/result_maps/bunny/bunny_side_B.png used on in
put line 97.
(pdftex.def)             Requested size: 371.84467pt x 181.47374pt.

<./Bilder/result_maps/bunny/bunny_top_A.png, id=1178, 917.4275pt x 347.2975pt>
File: ./Bilder/result_maps/bunny/bunny_top_A.png Graphic file (type png)

<use ./Bilder/result_maps/bunny/bunny_top_A.png>
Package pdftex.def Info: ./Bilder/result_maps/bunny/bunny_top_A.png used on inp
ut line 104.
(pdftex.def)             Requested size: 393.71239pt x 149.04355pt.

<./Bilder/result_maps/bunny/bunny_top_B.png, id=1179, 917.4275pt x 347.2975pt>
File: ./Bilder/result_maps/bunny/bunny_top_B.png Graphic file (type png)

<use ./Bilder/result_maps/bunny/bunny_top_B.png>
Package pdftex.def Info: ./Bilder/result_maps/bunny/bunny_top_B.png used on inp
ut line 110.
(pdftex.def)             Requested size: 393.71239pt x 149.04355pt.
 [56 <./Bilder/result_maps/scale_values.png> <./Bilder/result_maps/bunny/bunny_
front_A.png>] [57 <./Bilder/result_maps/bunny/bunny_front_B.png> <./Bilder/resu
lt_maps/bunny/bunny_side_A.png>] [58 <./Bilder/result_maps/bunny/bunny_side_B.p
ng> <./Bilder/result_maps/bunny/bunny_top_A.png> <./Bilder/result_maps/bunny/bu
nny_top_B.png>]
<./Bilder/result_maps/cow/cow_front_A.png, id=1206, 439.6425pt x 394.47375pt>
File: ./Bilder/result_maps/cow/cow_front_A.png Graphic file (type png)

<use ./Bilder/result_maps/cow/cow_front_A.png>
Package pdftex.def Info: ./Bilder/result_maps/cow/cow_front_A.png used on input
 line 123.
(pdftex.def)             Requested size: 240.60498pt x 215.88379pt.

<./Bilder/result_maps/cow/cow_front_B.png, id=1207, 439.6425pt x 394.47375pt>
File: ./Bilder/result_maps/cow/cow_front_B.png Graphic file (type png)

<use ./Bilder/result_maps/cow/cow_front_B.png>
Package pdftex.def Info: ./Bilder/result_maps/cow/cow_front_B.png used on input
 line 129.
(pdftex.def)             Requested size: 240.60498pt x 215.88379pt.

<./Bilder/result_maps/cow/cow_side_A.png, id=1208, 1286.8075pt x 392.46625pt>
File: ./Bilder/result_maps/cow/cow_side_A.png Graphic file (type png)

<use ./Bilder/result_maps/cow/cow_side_A.png>
Package pdftex.def Info: ./Bilder/result_maps/cow/cow_side_A.png used on input 
line 136.
(pdftex.def)             Requested size: 437.46118pt x 133.41878pt.

<./Bilder/result_maps/cow/cow_side_B.png, id=1209, 1286.8075pt x 392.46625pt>
File: ./Bilder/result_maps/cow/cow_side_B.png Graphic file (type png)

<use ./Bilder/result_maps/cow/cow_side_B.png>
Package pdftex.def Info: ./Bilder/result_maps/cow/cow_side_B.png used on input 
line 142.
(pdftex.def)             Requested size: 437.46118pt x 133.41878pt.

<./Bilder/result_maps/cow/cow_top_A.png, id=1210, 641.39626pt x 435.6275pt>
File: ./Bilder/result_maps/cow/cow_top_A.png Graphic file (type png)

<use ./Bilder/result_maps/cow/cow_top_A.png>
Package pdftex.def Info: ./Bilder/result_maps/cow/cow_top_A.png used on input l
ine 149.
(pdftex.def)             Requested size: 306.22148pt x 207.9821pt.

<./Bilder/result_maps/cow/cow_top_B.png, id=1211, 641.39626pt x 435.6275pt>
File: ./Bilder/result_maps/cow/cow_top_B.png Graphic file (type png)

<use ./Bilder/result_maps/cow/cow_top_B.png>
Package pdftex.def Info: ./Bilder/result_maps/cow/cow_top_B.png used on input l
ine 155.
(pdftex.def)             Requested size: 306.22148pt x 207.9821pt.
 [59

 <./Bilder/result_maps/cow/cow_front_A.png> <./Bilder/result_maps/cow/cow_front
_B.png>] [60 <./Bilder/result_maps/cow/cow_side_A.png> <./Bilder/result_maps/co
w/cow_side_B.png> <./Bilder/result_maps/cow/cow_top_A.png>] [61 <./Bilder/resul
t_maps/cow/cow_top_B.png>]
<./Bilder/result_maps/P51/P51_front_A.png, id=1238, 899.36pt x 704.6325pt>
File: ./Bilder/result_maps/P51/P51_front_A.png Graphic file (type png)

<use ./Bilder/result_maps/P51/P51_front_A.png>
Package pdftex.def Info: ./Bilder/result_maps/P51/P51_front_A.png used on input
 line 168.
(pdftex.def)             Requested size: 306.22148pt x 239.91594pt.

<./Bilder/result_maps/P51/P51_front_B.png, id=1239, 899.36pt x 704.6325pt>
File: ./Bilder/result_maps/P51/P51_front_B.png Graphic file (type png)

<use ./Bilder/result_maps/P51/P51_front_B.png>
Package pdftex.def Info: ./Bilder/result_maps/P51/P51_front_B.png used on input
 line 174.
(pdftex.def)             Requested size: 306.22148pt x 239.91594pt.

<./Bilder/result_maps/P51/P51_side_A.png, id=1240, 769.87625pt x 708.6475pt>
File: ./Bilder/result_maps/P51/P51_side_A.png Graphic file (type png)

<use ./Bilder/result_maps/P51/P51_side_A.png>
Package pdftex.def Info: ./Bilder/result_maps/P51/P51_side_A.png used on input 
line 181.
(pdftex.def)             Requested size: 284.34709pt x 261.74132pt.

<./Bilder/result_maps/P51/P51_side_B.png, id=1241, 769.87625pt x 708.6475pt>
File: ./Bilder/result_maps/P51/P51_side_B.png Graphic file (type png)

<use ./Bilder/result_maps/P51/P51_side_B.png>
Package pdftex.def Info: ./Bilder/result_maps/P51/P51_side_B.png used on input 
line 187.
(pdftex.def)             Requested size: 284.34709pt x 261.74132pt.

<./Bilder/result_maps/P51/P51_top_A.png, id=1242, 1212.53pt x 528.97626pt>
File: ./Bilder/result_maps/P51/P51_top_A.png Graphic file (type png)

<use ./Bilder/result_maps/P51/P51_top_A.png>
Package pdftex.def Info: ./Bilder/result_maps/P51/P51_top_A.png used on input l
ine 194.
(pdftex.def)             Requested size: 393.71239pt x 171.76189pt.

<./Bilder/result_maps/P51/P51_top_B.png, id=1243, 1212.53pt x 528.97626pt>
File: ./Bilder/result_maps/P51/P51_top_B.png Graphic file (type png)

<use ./Bilder/result_maps/P51/P51_top_B.png>
Package pdftex.def Info: ./Bilder/result_maps/P51/P51_top_B.png used on input l
ine 200.
(pdftex.def)             Requested size: 393.71239pt x 171.76189pt.
 [62

 <./Bilder/result_maps/P51/P51_front_A.png> <./Bilder/result_maps/P51/P51_front
_B.png>] [63 <./Bilder/result_maps/P51/P51_side_A.png> <./Bilder/result_maps/P5
1/P51_side_B.png>] [64 <./Bilder/result_maps/P51/P51_top_A.png> <./Bilder/resul
t_maps/P51/P51_top_B.png>]

LaTeX Warning: No positions in optional float specifier.
               Default added (so using `tbp') on input line 217.

[65

] [66] <./Bilder/ms_mechanical.png, id=1294, 1048.91875pt x 1039.885pt>
File: ./Bilder/ms_mechanical.png Graphic file (type png)

<use ./Bilder/ms_mechanical.png>
Package pdftex.def Info: ./Bilder/ms_mechanical.png used on input line 250.
(pdftex.def)             Requested size: 306.22148pt x 303.57408pt.
 [67 <./Bilder/ms_mechanical.png>])
(./07-conclusion.tex [68]
chapter 7.
[69


] [70] [71]) (./acknoledgements.tex [72]
Overfull \hbox (0.84354pt too wide) in paragraph at lines 20--21
[]\OT1/cmr/m/n/10.95 My friends Christa Bichlmayer, To-bias Bjarsch, Mar-tin Er
thel, Robert Het-zner and Manuel
 []

) [73] [74


] (build/metz17.lof [75


])
\tf@lof=\write6
\openout6 = `metz17.lof'.

 (build/metz17.bbl [76]
chapter without number

Underfull \hbox (badness 10000) in paragraph at lines 9--11
[]\OT1/cmr/m/n/10.95 ASSIMP - Open As-set Im-port Li-brary of-fi-cial web-site.

 []


Underfull \hbox (badness 2245) in paragraph at lines 19--22
[]\OT1/cmr/m/n/10.95 bunny stan-ford com-puter graph-ics lab-o-ra-tory - we-bli
nk.  []$\OT1/pcr/m/n/10.95 https : / /
 []


Underfull \hbox (badness 2368) in paragraph at lines 39--43
[]\OT1/cmr/m/n/10.95 cow mit com-puter sci-ence and ar-ti-fi-cial in-tel-li-gen
ce lab-o-ra-tory - we-
 []

[77


]
Underfull \hbox (badness 1616) in paragraph at lines 137--142
[]\OT1/cmr/m/n/10.95 Zahira Mer-chant, Ernest T Goetz, Lau-ren Ci-fuentes, Wend
y Keeney-
 []

[78]
Underfull \hbox (badness 3536) in paragraph at lines 174--177
[]\OT1/cmr/m/n/10.95 Octree - Wikipedia we-blink.  []$\OT1/pcr/m/n/10.95 https 
: / / en . wikipedia . org / wiki /
 []


Underfull \hbox (badness 4582) in paragraph at lines 206--209
[]\OT1/cmr/m/n/10.95 P-51 Mus-tang cad-nav.com - we-blink.  []$\OT1/pcr/m/n/10.
95 http : / / www . cadnav . com /
 []

[79] [80]) <appendix/Umfrage-08-26-2017.pdf, id=1461, 598.235pt x 846.16125pt>
File: appendix/Umfrage-08-26-2017.pdf Graphic file (type pdf)

<use appendix/Umfrage-08-26-2017.pdf>
Package pdftex.def Info: appendix/Umfrage-08-26-2017.pdf used on input line 113
.
(pdftex.def)             Requested size: 598.23354pt x 846.1592pt.
File: appendix/Umfrage-08-26-2017.pdf Graphic file (type pdf)
 <use appendix/Umfrage-08-26-2017.pdf>
Package pdftex.def Info: appendix/Umfrage-08-26-2017.pdf used on input line 113
.
(pdftex.def)             Requested size: 598.23354pt x 846.1592pt.

<appendix/Umfrage-08-26-2017.pdf, id=1464, page=1, 598.235pt x 846.16125pt>
File: appendix/Umfrage-08-26-2017.pdf Graphic file (type pdf)

<use appendix/Umfrage-08-26-2017.pdf, page 1>
Package pdftex.def Info: appendix/Umfrage-08-26-2017.pdf, page1 used on input l
ine 113.
(pdftex.def)             Requested size: 598.23354pt x 846.1592pt.
File: appendix/Umfrage-08-26-2017.pdf Graphic file (type pdf)

<use appendix/Umfrage-08-26-2017.pdf, page 1>
Package pdftex.def Info: appendix/Umfrage-08-26-2017.pdf, page1 used on input l
ine 113.
(pdftex.def)             Requested size: 597.55803pt x 845.20375pt.
 [81]
File: appendix/Umfrage-08-26-2017.pdf Graphic file (type pdf)

<use appendix/Umfrage-08-26-2017.pdf, page 1>
Package pdftex.def Info: appendix/Umfrage-08-26-2017.pdf, page1 used on input l
ine 113.
(pdftex.def)             Requested size: 597.55803pt x 845.20375pt.
File: appendix/Umfrage-08-26-2017.pdf Graphic file (type pdf)

<use appendix/Umfrage-08-26-2017.pdf, page 1>
Package pdftex.def Info: appendix/Umfrage-08-26-2017.pdf, page1 used on input l
ine 113.
(pdftex.def)             Requested size: 597.55803pt x 845.20375pt.
File: appendix/Umfrage-08-26-2017.pdf Graphic file (type pdf)

<use appendix/Umfrage-08-26-2017.pdf, page 1>
Package pdftex.def Info: appendix/Umfrage-08-26-2017.pdf, page1 used on input l
ine 113.
(pdftex.def)             Requested size: 597.55803pt x 845.20375pt.
 [82 <./appendix/Umfrage-08-26-2017.pdf

pdfTeX warning: pdflatex (file ./appendix/Umfrage-08-26-2017.pdf): PDF inclusio
n: invalid other resource which is no dict (key 'ProcSets', type <array>); igno
red.
>] <appendix/Umfrage-08-26-2017.pdf, id=1504, page=2, 598.235pt x 846.16125pt>
File: appendix/Umfrage-08-26-2017.pdf Graphic file (type pdf)

<use appendix/Umfrage-08-26-2017.pdf, page 2>
Package pdftex.def Info: appendix/Umfrage-08-26-2017.pdf, page2 used on input l
ine 113.
(pdftex.def)             Requested size: 597.55803pt x 845.20375pt.
File: appendix/Umfrage-08-26-2017.pdf Graphic file (type pdf)

<use appendix/Umfrage-08-26-2017.pdf, page 2>
Package pdftex.def Info: appendix/Umfrage-08-26-2017.pdf, page2 used on input l
ine 113.
(pdftex.def)             Requested size: 597.55803pt x 845.20375pt.
File: appendix/Umfrage-08-26-2017.pdf Graphic file (type pdf)

<use appendix/Umfrage-08-26-2017.pdf, page 2>
Package pdftex.def Info: appendix/Umfrage-08-26-2017.pdf, page2 used on input l
ine 113.
(pdftex.def)             Requested size: 597.55803pt x 845.20375pt.
 [83 <./appendix/Umfrage-08-26-2017.pdf

pdfTeX warning: pdflatex (file ./appendix/Umfrage-08-26-2017.pdf): PDF inclusio
n: invalid other resource which is no dict (key 'ProcSets', type <array>); igno
red.
>] <appendix/userstudy_data_print.pdf, id=1512, 845.1575pt x 597.23125pt>
File: appendix/userstudy_data_print.pdf Graphic file (type pdf)

<use appendix/userstudy_data_print.pdf>
Package pdftex.def Info: appendix/userstudy_data_print.pdf used on input line 1
14.
(pdftex.def)             Requested size: 845.15544pt x 597.22978pt.
File: appendix/userstudy_data_print.pdf Graphic file (type pdf)

<use appendix/userstudy_data_print.pdf>
Package pdftex.def Info: appendix/userstudy_data_print.pdf used on input line 1
14.
(pdftex.def)             Requested size: 845.15544pt x 597.22978pt.

<appendix/userstudy_data_print.pdf, id=1515, page=1, 845.1575pt x 597.23125pt>
File: appendix/userstudy_data_print.pdf Graphic file (type pdf)

<use appendix/userstudy_data_print.pdf, page 1>
Package pdftex.def Info: appendix/userstudy_data_print.pdf, page1 used on input
 line 114.
(pdftex.def)             Requested size: 845.15544pt x 597.22978pt.
File: appendix/userstudy_data_print.pdf Graphic file (type pdf)

<use appendix/userstudy_data_print.pdf, page 1>
Package pdftex.def Info: appendix/userstudy_data_print.pdf, page1 used on input
 line 114.
(pdftex.def)             Requested size: 845.15544pt x 597.22978pt.
File: appendix/userstudy_data_print.pdf Graphic file (type pdf)

<use appendix/userstudy_data_print.pdf, page 1>
Package pdftex.def Info: appendix/userstudy_data_print.pdf, page1 used on input
 line 114.
(pdftex.def)             Requested size: 845.15544pt x 597.22978pt.
File: appendix/userstudy_data_print.pdf Graphic file (type pdf)

<use appendix/userstudy_data_print.pdf, page 1>
Package pdftex.def Info: appendix/userstudy_data_print.pdf, page1 used on input
 line 114.
(pdftex.def)             Requested size: 845.15544pt x 597.22978pt.
File: appendix/userstudy_data_print.pdf Graphic file (type pdf)

<use appendix/userstudy_data_print.pdf, page 1>
Package pdftex.def Info: appendix/userstudy_data_print.pdf, page1 used on input
 line 114.
(pdftex.def)             Requested size: 845.15544pt x 597.22978pt.
 [84 <./appendix/userstudy_data_print.pdf>]
<appendix/userstudy_data_print.pdf, id=1532, page=2, 845.1575pt x 597.23125pt>
File: appendix/userstudy_data_print.pdf Graphic file (type pdf)

<use appendix/userstudy_data_print.pdf, page 2>
Package pdftex.def Info: appendix/userstudy_data_print.pdf, page2 used on input
 line 114.
(pdftex.def)             Requested size: 845.15544pt x 597.22978pt.
File: appendix/userstudy_data_print.pdf Graphic file (type pdf)

<use appendix/userstudy_data_print.pdf, page 2>
Package pdftex.def Info: appendix/userstudy_data_print.pdf, page2 used on input
 line 114.
(pdftex.def)             Requested size: 845.15544pt x 597.22978pt.
File: appendix/userstudy_data_print.pdf Graphic file (type pdf)

<use appendix/userstudy_data_print.pdf, page 2>
Package pdftex.def Info: appendix/userstudy_data_print.pdf, page2 used on input
 line 114.
(pdftex.def)             Requested size: 845.15544pt x 597.22978pt.
 [85 <./appendix/userstudy_data_print.pdf>]
Package atveryend Info: Empty hook `BeforeClearDocument' on input line 116.
Package atveryend Info: Empty hook `AfterLastShipout' on input line 116.
 (build/metz17.aux)
Package atveryend Info: Executing hook `AtVeryEndDocument' on input line 116.
Package atveryend Info: Executing hook `AtEndAfterFileList' on input line 116.
Package rerunfilecheck Info: File `metz17.out' has not changed.
(rerunfilecheck)             Checksum: <no file>.


LaTeX Warning: There were multiply-defined labels.

Package atveryend Info: Empty hook `AtVeryVeryEnd' on input line 116.
 ) 
Here is how much of TeX's memory you used:
 13053 strings out of 494910
 203014 string characters out of 6179836
 386035 words of memory out of 5000000
 15500 multiletter control sequences out of 15000+600000
 14735 words of font info for 53 fonts, out of 8000000 for 9000
 77 hyphenation exceptions out of 8191
 45i,20n,66p,1964b,1351s stack positions out of 5000i,500n,10000p,200000b,80000s
{/usr/share/texlive/texmf-dist/fonts/enc/dvips/base/8r.enc}</usr/share/texliv
e/texmf-dist/fonts/type1/public/amsfonts/cm/cmbx10.pfb></usr/share/texlive/texm
f-dist/fonts/type1/public/amsfonts/cm/cmbx12.pfb></usr/share/texlive/texmf-dist
/fonts/type1/public/amsfonts/cm/cmex10.pfb></usr/share/texlive/texmf-dist/fonts
/type1/public/amsfonts/cm/cmmi10.pfb></usr/share/texlive/texmf-dist/fonts/type1
/public/amsfonts/cm/cmmi6.pfb></usr/share/texlive/texmf-dist/fonts/type1/public
/amsfonts/cm/cmmi8.pfb></usr/share/texlive/texmf-dist/fonts/type1/public/amsfon
ts/cm/cmr10.pfb></usr/share/texlive/texmf-dist/fonts/type1/public/amsfonts/cm/c
mr12.pfb></usr/share/texlive/texmf-dist/fonts/type1/public/amsfonts/cm/cmr17.pf
b></usr/share/texlive/texmf-dist/fonts/type1/public/amsfonts/cm/cmr8.pfb></usr/
share/texlive/texmf-dist/fonts/type1/public/amsfonts/cm/cmr9.pfb></usr/share/te
xlive/texmf-dist/fonts/type1/public/amsfonts/cm/cmsl10.pfb></usr/share/texlive/
texmf-dist/fonts/type1/public/amsfonts/cm/cmssbx10.pfb></usr/share/texlive/texm
f-dist/fonts/type1/public/amsfonts/cm/cmsy10.pfb></usr/share/texlive/texmf-dist
/fonts/type1/public/amsfonts/cm/cmsy6.pfb></usr/share/texlive/texmf-dist/fonts/
type1/public/amsfonts/cm/cmsy8.pfb></usr/share/texlive/texmf-dist/fonts/type1/p
ublic/amsfonts/cm/cmti10.pfb></usr/share/texlive/texmf-dist/fonts/type1/public/
amsfonts/cm/cmti12.pfb></usr/share/texlive/texmf-dist/fonts/type1/public/rsfs/r
sfs10.pfb></usr/share/texlive/texmf-dist/fonts/type1/urw/courier/ucrb8a.pfb></u
sr/share/texlive/texmf-dist/fonts/type1/urw/courier/ucrr8a.pfb>
Output written on build/metz17.pdf (93 pages, 15297890 bytes).
PDF statistics:
 1717 PDF objects out of 1728 (max. 8388607)
 1480 compressed objects within 15 object streams
 513 named destinations out of 1000 (max. 500000)
 822 words of extra memory for PDF output out of 10000 (max. 10000000)

