\BOOKMARK [0][-]{chapter.1}{Introduction}{}% 1
\BOOKMARK [0][-]{chapter.2}{Related work}{}% 2
\BOOKMARK [1][-]{section.2.1}{Mesh saliency and human perception}{chapter.2}% 3
\BOOKMARK [1][-]{section.2.2}{Human attention in Virtual Reality}{chapter.2}% 4
\BOOKMARK [0][-]{chapter.3}{Concept}{}% 5
\BOOKMARK [1][-]{section.3.1}{Implementing a selection application for the V2C's projection installation}{chapter.3}% 6
\BOOKMARK [2][-]{subsection.3.1.1}{Spatial indexing of 3D data}{section.3.1}% 7
\BOOKMARK [2][-]{subsection.3.1.2}{Selection process}{section.3.1}% 8
\BOOKMARK [1][-]{section.3.2}{Conduct user study with the selection application}{chapter.3}% 9
\BOOKMARK [1][-]{section.3.3}{Measure of differences}{chapter.3}% 10
\BOOKMARK [2][-]{subsection.3.3.1}{Terms and abbreviations}{section.3.3}% 11
\BOOKMARK [2][-]{subsection.3.3.2}{unweighted difference index}{section.3.3}% 12
\BOOKMARK [2][-]{subsection.3.3.3}{weighted difference index}{section.3.3}% 13
\BOOKMARK [0][-]{chapter.4}{Selection Application}{}% 14
\BOOKMARK [1][-]{section.4.1}{Additional third party libraries}{chapter.4}% 15
\BOOKMARK [2][-]{subsection.4.1.1}{OpenGL}{section.4.1}% 16
\BOOKMARK [2][-]{subsection.4.1.2}{GLUT}{section.4.1}% 17
\BOOKMARK [2][-]{subsection.4.1.3}{GLEW}{section.4.1}% 18
\BOOKMARK [2][-]{subsection.4.1.4}{ASSIMP}{section.4.1}% 19
\BOOKMARK [1][-]{section.4.2}{Relevant class files}{chapter.4}% 20
\BOOKMARK [2][-]{subsection.4.2.1}{Object}{section.4.2}% 21
\BOOKMARK [2][-]{subsection.4.2.2}{Mesh}{section.4.2}% 22
\BOOKMARK [2][-]{subsection.4.2.3}{ocTree}{section.4.2}% 23
\BOOKMARK [1][-]{section.4.3}{Key Features}{chapter.4}% 24
\BOOKMARK [2][-]{subsection.4.3.1}{Spatial indexing via Octree}{section.4.3}% 25
\BOOKMARK [3][-]{subsubsection.4.3.1.1}{Root constructor ocTree\(\)}{subsection.4.3.1}% 26
\BOOKMARK [3][-]{subsubsection.4.3.1.2}{Subtree constructor ocTree\(\)}{subsection.4.3.1}% 27
\BOOKMARK [3][-]{subsubsection.4.3.1.3}{getRootDimensions\(\)}{subsection.4.3.1}% 28
\BOOKMARK [3][-]{subsubsection.4.3.1.4}{setDimensions\(\)}{subsection.4.3.1}% 29
\BOOKMARK [3][-]{subsubsection.4.3.1.5}{split\(\)}{subsection.4.3.1}% 30
\BOOKMARK [3][-]{subsubsection.4.3.1.6}{getNodeByIdentifierArray\(\)}{subsection.4.3.1}% 31
\BOOKMARK [3][-]{subsubsection.4.3.1.7}{buildTreeRecursively\(\)}{subsection.4.3.1}% 32
\BOOKMARK [2][-]{subsection.4.3.2}{User selection}{section.4.3}% 33
\BOOKMARK [3][-]{subsubsection.4.3.2.1}{addVerticesToSelectionByCoordinates\(\)}{subsection.4.3.2}% 34
\BOOKMARK [3][-]{subsubsection.4.3.2.2}{removeVerticesFromSelectionByCoordinates\(\)}{subsection.4.3.2}% 35
\BOOKMARK [2][-]{subsection.4.3.3}{Tracking selection}{section.4.3}% 36
\BOOKMARK [2][-]{subsection.4.3.4}{Testing setup}{section.4.3}% 37
\BOOKMARK [0][-]{chapter*.2}{List of Figures}{}% 38
\BOOKMARK [0][-]{chapter*.3}{Bibliography}{}% 39
